---------------------------------------
Begin PBS Prologue Sat May 23 14:17:30 EDT 2020
Job ID:     171638.dedicated7-sched.pace.gatech.edu
User ID:    spriambada3
Job name:   ms_cifar10
Queue:      coc-gpu
End PBS Prologue Sat May 23 14:17:30 EDT 2020
---------------------------------------
Started on rich133-h29-17.pace.gatech.edu
# conda environments:
#
model-dev                /nv/hcoc1/spriambada3/.conda/envs/model-dev
base                  *  /usr/local/pacerepov2/anaconda/anaconda3/2019.10
ml                       /usr/local/pacerepov2/anaconda/anaconda3/2019.10/envs/ml

# packages in environment at /nv/hcoc1/spriambada3/.conda/envs/model-dev:
#
# Name                    Version                   Build  Channel
_libgcc_mutex             0.1                        main  
absl-py                   0.9.0                    pypi_0    pypi
alembic                   1.4.2                    pypi_0    pypi
astunparse                1.6.3                    pypi_0    pypi
async-timeout             3.0.1                    pypi_0    pypi
asyncio                   3.4.3                    pypi_0    pypi
blas                      1.0                         mkl  
ca-certificates           2020.1.1                      0  
cachetools                4.1.0                    pypi_0    pypi
certifi                   2020.4.5.1               py38_0  
chardet                   3.0.4                    pypi_0    pypi
click                     7.1.2                    pypi_0    pypi
cloudpickle               1.4.1                    pypi_0    pypi
configparser              5.0.0                    pypi_0    pypi
cudatoolkit               10.1.243             h6bb024c_0  
cycler                    0.10.0                   pypi_0    pypi
databricks-cli            0.10.0                   pypi_0    pypi
docker                    4.2.0                    pypi_0    pypi
entrypoints               0.3                      pypi_0    pypi
flask                     1.1.2                    pypi_0    pypi
freetype                  2.9.1                h8a8886c_1  
gast                      0.3.3                    pypi_0    pypi
gitdb                     4.0.5                    pypi_0    pypi
gitpython                 3.1.2                    pypi_0    pypi
google-auth               1.15.0                   pypi_0    pypi
google-auth-oauthlib      0.4.1                    pypi_0    pypi
google-pasta              0.2.0                    pypi_0    pypi
gorilla                   0.3.0                    pypi_0    pypi
grpcio                    1.29.0                   pypi_0    pypi
gunicorn                  20.0.4                   pypi_0    pypi
h5py                      2.10.0                   pypi_0    pypi
idna                      2.9                      pypi_0    pypi
intel-openmp              2020.1                      217  
itsdangerous              1.1.0                    pypi_0    pypi
jinja2                    2.11.2                   pypi_0    pypi
joblib                    0.15.1                   pypi_0    pypi
jpeg                      9b                   h024ee3a_2  
keras-preprocessing       1.1.2                    pypi_0    pypi
kiwisolver                1.2.0                    pypi_0    pypi
ld_impl_linux-64          2.33.1               h53a641e_7  
libedit                   3.1.20181209         hc058e9b_0  
libffi                    3.3                  he6710b0_1  
libgcc-ng                 9.1.0                hdf63c60_0  
libgfortran-ng            7.3.0                hdf63c60_0  
libpng                    1.6.37               hbc83047_0  
libstdcxx-ng              9.1.0                hdf63c60_0  
libtiff                   4.1.0                h2733197_0  
mako                      1.1.2                    pypi_0    pypi
markdown                  3.2.2                    pypi_0    pypi
markupsafe                1.1.1                    pypi_0    pypi
matplotlib                3.2.1                    pypi_0    pypi
mkl                       2020.1                      217  
mkl-service               2.3.0            py38he904b0f_0  
mkl_fft                   1.0.15           py38ha843d7b_0  
mkl_random                1.1.0            py38h962f231_0  
mlflow                    1.8.0                    pypi_0    pypi
ncurses                   6.2                  he6710b0_1  
ninja                     1.9.0            py38hfd86e86_0  
numpy                     1.18.1           py38h4f9e942_0  
numpy-base                1.18.1           py38hde5b4d6_1  
oauthlib                  3.1.0                    pypi_0    pypi
olefile                   0.46                       py_0  
openssl                   1.1.1g               h7b6447c_0  
opt-einsum                3.2.1                    pypi_0    pypi
pandas                    1.0.3                    pypi_0    pypi
pillow                    6.2.2                    pypi_0    pypi
pip                       20.0.2                   py38_3  
prometheus-client         0.7.1                    pypi_0    pypi
prometheus-flask-exporter 0.13.0                   pypi_0    pypi
protobuf                  3.12.0                   pypi_0    pypi
pyasn1                    0.4.8                    pypi_0    pypi
pyasn1-modules            0.2.8                    pypi_0    pypi
pyparsing                 2.4.7                    pypi_0    pypi
python                    3.8.2               hcff3b4d_14  
python-dateutil           2.8.1                    pypi_0    pypi
python-editor             1.0.4                    pypi_0    pypi
pytorch                   1.4.0           py3.8_cuda10.1.243_cudnn7.6.3_0    pytorch
pytz                      2020.1                   pypi_0    pypi
pyyaml                    5.3.1                    pypi_0    pypi
querystring-parser        1.2.4                    pypi_0    pypi
readline                  8.0                  h7b6447c_0  
requests                  2.23.0                   pypi_0    pypi
requests-oauthlib         1.3.0                    pypi_0    pypi
rsa                       4.0                      pypi_0    pypi
scikit-learn              0.23.1                   pypi_0    pypi
scikit-learn-extra        0.1.0b2                  pypi_0    pypi
scipy                     1.4.1                    pypi_0    pypi
seaborn                   0.10.1                   pypi_0    pypi
setuptools                46.4.0                   py38_0  
simplejson                3.17.0                   pypi_0    pypi
six                       1.14.0                   py38_0  
sklearn                   0.0                      pypi_0    pypi
smmap                     3.0.4                    pypi_0    pypi
sqlalchemy                1.3.13                   pypi_0    pypi
sqlite                    3.31.1               h62c20be_1  
sqlparse                  0.3.1                    pypi_0    pypi
tabulate                  0.8.7                    pypi_0    pypi
tensorboard               2.2.1                    pypi_0    pypi
tensorboard-plugin-wit    1.6.0.post3              pypi_0    pypi
tensorboardx              2.0                      pypi_0    pypi
tensorflow                2.2.0                    pypi_0    pypi
tensorflow-estimator      2.2.0                    pypi_0    pypi
termcolor                 1.1.0                    pypi_0    pypi
thop                      0.0.31-2005141830          pypi_0    pypi
threadpoolctl             2.0.0                    pypi_0    pypi
tk                        8.6.8                hbc83047_0  
torchvision               0.5.0                py38_cu101    pytorch
tqdm                      4.46.0                   pypi_0    pypi
urllib3                   1.25.9                   pypi_0    pypi
websocket-client          0.57.0                   pypi_0    pypi
werkzeug                  1.0.1                    pypi_0    pypi
wheel                     0.34.2                   py38_0  
wrapt                     1.12.1                   pypi_0    pypi
xz                        5.2.5                h7b6447c_0  
zlib                      1.2.11               h7b6447c_3  
zstd                      1.3.7                h0b5b093_0  
/var/spool/torque/mom_priv/jobs/171638.dedicated7-sched.pace.gatech.edu.SC: line 17: cd: /gpfs/pace2/project/coc-dept/spriambada3/model-school/generator/darts/model-school/generator/darts: No such file or directory
Experiment dir : eval-EXP-20200523-141752
05/23 02:17:52 PM gpu device = 0
05/23 02:17:52 PM args = Namespace(arch='DARTS', auxiliary=False, auxiliary_weight=0.4, batch_size=96, cutout=False, cutout_length=16, data='~/data', drop_path_prob=0.2, epochs=600, gpu=0, grad_clip=5, init_channels=36, layers=20, learning_rate=0.025, model_path='saved_models', momentum=0.9, report_freq=50, save='eval-EXP-20200523-141752', seed=0, weight_decay=0.0003)
108 108 36
108 144 36
144 144 36
144 144 36
144 144 36
144 144 36
144 144 36
144 144 36
144 144 72
144 288 72
288 288 72
288 288 72
288 288 72
288 288 72
288 288 72
288 288 72
288 288 144
288 576 144
576 576 144
576 576 144
576 576 144
576 576 144
576 576 144
576 576 144
576 576 144
05/23 02:17:54 PM param size = 5.492746MB
Files already downloaded and verified
Files already downloaded and verified
/nv/hcoc1/spriambada3/.conda/envs/model-dev/lib/python3.8/site-packages/torch/optim/lr_scheduler.py:117: UserWarning: Detected call of `lr_scheduler.step()` before `optimizer.step()`. In PyTorch 1.1.0 and later, you should call them in the opposite order: `optimizer.step()` before `lr_scheduler.step()`.  Failure to do this will result in PyTorch skipping the first value of the learning rate schedule. See more details at https://pytorch.org/docs/stable/optim.html#how-to-adjust-learning-rate
  warnings.warn("Detected call of `lr_scheduler.step()` before `optimizer.step()`. "
Traceback (most recent call last):
  File "cnn/train_mcts_cifar.py", line 258, in <module>
    main()
  File "cnn/train_mcts_cifar.py", line 111, in main
    if acc > best_acc:
UnboundLocalError: local variable 'best_acc' referenced before assignment
FINISH
---------------------------------------
Begin PBS Epilogue Sat May 23 14:25:30 EDT 2020
Job ID:     171638.dedicated7-sched.pace.gatech.edu
User ID:    spriambada3
Job name:   ms_cifar10
Resources:  nodes=1:ppn=1:gpus=1,pmem=10gb,walltime=15:00:00,neednodes=1:ppn=1:gpus=1
Rsrc Used:  cput=00:07:40,vmem=71579764kb,walltime=00:08:00,mem=2072556kb,energy_used=0
Queue:      coc-gpu
Nodes:     
rich133-h29-17.pace.gatech.edu
End PBS Epilogue Sat May 23 14:25:30 EDT 2020
---------------------------------------
